<?xml version="1.0" encoding="UTF-8"?>
<testsuite xmlns:xsi="http://www.w3.org/2001/XMLSchema-instance" xsi:noNamespaceSchemaLocation="https://maven.apache.org/surefire/maven-surefire-plugin/xsd/surefire-test-report.xsd" name="EstadioTest" time="0.001" tests="2" errors="0" skipped="0" failures="0">
  <properties>
[...]
</properties>
  <testcase name="estadio_se_debe_crear_en_una_ubicacion_parcial_ejercicio_ejemplo_05" classname="EstadioTest" time="0"/>
  <testcase name="un_partido_debe_disputarse_en_un_estadio_en_una_fecha_parcial_ejercicio_ejemplo_06" classname="EstadioTest" time="0"/>
</testsuite>